<?xml version="1.0" encoding="UTF-8"?>
<robot generator="Robot 6.0.1 (Python 3.9.5 on win32)" generated="20240115 14:39:16.286" rpa="false" schemaversion="3">
<suite id="s1" name="Amazon" source="C:\RobotFrameWorkBeginner\robot_scripts\Tests\Amazon.robot">
<test id="s1-t1" name="User must sign in to check out" line="14">
<kw name="Open Browser" library="SeleniumLibrary">
<arg>http://www.amazon.com</arg>
<arg>${BROWSER}</arg>
<doc>Opens a new browser instance to the optional ``url``.</doc>
<msg timestamp="20240115 14:39:16.427" level="INFO">Opening browser 'chrome' to base url 'http://www.amazon.com'.</msg>
<status status="PASS" starttime="20240115 14:39:16.426" endtime="20240115 14:39:18.634"/>
</kw>
<kw name="Close Browser" library="SeleniumLibrary">
<doc>Closes the current browser.</doc>
<status status="PASS" starttime="20240115 14:39:18.635" endtime="20240115 14:39:21.121"/>
</kw>
<doc>This is some basic info about the test</doc>
<tag>smoke</tag>
<status status="PASS" starttime="20240115 14:39:16.426" endtime="20240115 14:39:21.123"/>
</test>
<doc>This is some basic info about the whole suite</doc>
<status status="PASS" starttime="20240115 14:39:16.288" endtime="20240115 14:39:21.126"/>
</suite>
<statistics>
<total>
<stat pass="1" fail="0" skip="0">All Tests</stat>
</total>
<tag>
<stat pass="1" fail="0" skip="0">smoke</stat>
</tag>
<suite>
<stat pass="1" fail="0" skip="0" id="s1" name="Amazon">Amazon</stat>
</suite>
</statistics>
<errors>
</errors>
</robot>
